<?xml version="1.0" encoding="UTF-8"?>
<!-- Generated by org.testng.reporters.JUnitReportReporter -->
<testsuite hostname="LAPTOP-U7R757NA" failures="0" tests="1" name="medical.TEAm.array" time="0.013" errors="0" timestamp="2022-08-02T18:04:40 IST" skipped="0">
  <testcase classname="medical.TEAm.array" name="array" time="0.013"/>
  <system-out/>
</testsuite> <!-- medical.TEAm.array -->
