<?xml version="1.0" encoding="UTF-8"?>
<!-- Generated by org.testng.reporters.JUnitReportReporter -->
<testsuite hostname="LAPTOP-U7R757NA" failures="0" tests="2" name="medical.TEAm.Test20822" time="13.703" errors="0" timestamp="2022-08-03T13:32:23 IST" skipped="0">
  <testcase classname="medical.TEAm.Test20822" name="checking" time="7.036"/>
  <system-out/>
  <testcase classname="medical.TEAm.Test20822" name="checking" time="6.667"/>
  <system-out/>
</testsuite> <!-- medical.TEAm.Test20822 -->
